# JRE version: OpenJDK Runtime Environment (11.0.2+9) (build 11.0.2+9)
# Java VM: OpenJDK 64-Bit Server VM (11.0.2+9, mixed mode, tiered, compressed oops, g1 gc, windows-amd64)
Heap:
 garbage-first heap   total 262144K, used 164543K [0x0000000740000000, 0x0000000800000000)
  region size 1024K, 37 young (37888K), 4 survivors (4096K)
 Metaspace       used 112462K, capacity 115138K, committed 115408K, reserved 1148928K
  class space    used 15567K, capacity 16752K, committed 16844K, reserved 1048576K
GC Heap History (10 events):
Event: 498.640 GC heap before
{Heap before GC invocations=114 (full 5):
 garbage-first heap   total 262144K, used 187046K [0x0000000740000000, 0x0000000800000000)
  region size 1024K, 60 young (61440K), 4 survivors (4096K)
 Metaspace       used 112340K, capacity 115068K, committed 115408K, reserved 1148928K
  class space    used 15566K, capacity 16751K, committed 16844K, reserved 1048576K
}
Event: 498.645 GC heap after
{Heap after GC invocations=115 (full 5):
 garbage-first heap   total 262144K, used 130345K [0x0000000740000000, 0x0000000800000000)
  region size 1024K, 5 young (5120K), 5 survivors (5120K)
 Metaspace       used 112340K, capacity 115068K, committed 115408K, reserved 1148928K
  class space    used 15566K, capacity 16751K, committed 16844K, reserved 1048576K
}
Event: 506.644 GC heap before
{Heap before GC invocations=115 (full 5):
 garbage-first heap   total 262144K, used 186665K [0x0000000740000000, 0x0000000800000000)
  region size 1024K, 60 young (61440K), 5 survivors (5120K)
 Metaspace       used 112397K, capacity 115068K, committed 115408K, reserved 1148928K
  class space    used 15566K, capacity 16751K, committed 16844K, reserved 1048576K
}
Event: 506.649 GC heap after
{Heap after GC invocations=116 (full 5):
 garbage-first heap   total 262144K, used 130503K [0x0000000740000000, 0x0000000800000000)
  region size 1024K, 5 young (5120K), 5 survivors (5120K)
 Metaspace       used 112397K, capacity 115068K, committed 115408K, reserved 1148928K
  class space    used 15566K, capacity 16751K, committed 16844K, reserved 1048576K
}
Event: 506.917 GC heap before
{Heap before GC invocations=117 (full 5):
 garbage-first heap   total 262144K, used 186823K [0x0000000740000000, 0x0000000800000000)
  region size 1024K, 60 young (61440K), 5 survivors (5120K)
 Metaspace       used 112405K, capacity 115132K, committed 115408K, reserved 1148928K
  class space    used 15566K, capacity 16751K, committed 16844K, reserved 1048576K
}
Event: 506.922 GC heap after
{Heap after GC invocations=118 (full 5):
 garbage-first heap   total 262144K, used 130488K [0x0000000740000000, 0x0000000800000000)
  region size 1024K, 5 young (5120K), 5 survivors (5120K)
 Metaspace       used 112405K, capacity 115132K, committed 115408K, reserved 1148928K
  class space    used 15566K, capacity 16751K, committed 16844K, reserved 1048576K
}
Event: 507.127 GC heap before
{Heap before GC invocations=118 (full 5):
 garbage-first heap   total 262144K, used 186808K [0x0000000740000000, 0x0000000800000000)
  region size 1024K, 60 young (61440K), 5 survivors (5120K)
 Metaspace       used 112413K, capacity 115132K, committed 115408K, reserved 1148928K
  class space    used 15566K, capacity 16751K, committed 16844K, reserved 1048576K
}
Event: 507.132 GC heap after
{Heap after GC invocations=119 (full 5):
 garbage-first heap   total 262144K, used 131173K [0x0000000740000000, 0x0000000800000000)
  region size 1024K, 5 young (5120K), 5 survivors (5120K)
 Metaspace       used 112413K, capacity 115132K, committed 115408K, reserved 1148928K
  class space    used 15566K, capacity 16751K, committed 16844K, reserved 1048576K
}
Event: 507.462 GC heap before
{Heap before GC invocations=120 (full 5):
 garbage-first heap   total 262144K, used 187493K [0x0000000740000000, 0x0000000800000000)
  region size 1024K, 60 young (61440K), 5 survivors (5120K)
 Metaspace       used 112446K, capacity 115138K, committed 115408K, reserved 1148928K
  class space    used 15567K, capacity 16752K, committed 16844K, reserved 1048576K
}
Event: 507.469 GC heap after
{Heap after GC invocations=121 (full 5):
 garbage-first heap   total 262144K, used 131775K [0x0000000740000000, 0x0000000800000000)
  region size 1024K, 4 young (4096K), 4 survivors (4096K)
 Metaspace       used 112446K, capacity 115138K, committed 115408K, reserved 1148928K
  class space    used 15567K, capacity 16752K, committed 16844K, reserved 1048576K
}

